<?xml version="1.0" encoding="UTF-8"?>
<coverage generated="1572079865225" clover="3.2.0">
  <project timestamp="1572079865225" name="All files">
    <metrics statements="10" coveredstatements="8" conditionals="6" coveredconditionals="3" methods="6" coveredmethods="4" elements="22" coveredelements="15" complexity="0" loc="10" ncloc="10" packages="3" files="5" classes="5"/>
    <package name="components.Home">
      <metrics statements="2" coveredstatements="2" conditionals="2" coveredconditionals="2" methods="1" coveredmethods="1"/>
      <file name="index.js" path="/Users/jonathanr.wabahizi/RJ/meyllos/ecoapp/src/components/Home/index.js">
        <metrics statements="2" coveredstatements="2" conditionals="2" coveredconditionals="2" methods="1" coveredmethods="1"/>
        <line num="7" count="1" type="stmt"/>
        <line num="8" count="2" type="stmt"/>
      </file>
      <file name="styles.js" path="/Users/jonathanr.wabahizi/RJ/meyllos/ecoapp/src/components/Home/styles.js">
        <metrics statements="0" coveredstatements="0" conditionals="0" coveredconditionals="0" methods="0" coveredmethods="0"/>
      </file>
    </package>
    <package name="components.Posts">
      <metrics statements="8" coveredstatements="6" conditionals="4" coveredconditionals="1" methods="5" coveredmethods="3"/>
      <file name="index.js" path="/Users/jonathanr.wabahizi/RJ/meyllos/ecoapp/src/components/Posts/index.js">
        <metrics statements="8" coveredstatements="6" conditionals="4" coveredconditionals="1" methods="5" coveredmethods="3"/>
        <line num="15" count="2" type="stmt"/>
        <line num="16" count="1" type="stmt"/>
        <line num="19" count="1" type="stmt"/>
        <line num="23" count="1" type="stmt"/>
        <line num="40" count="0" type="cond" truecount="0" falsecount="2"/>
        <line num="51" count="0" type="stmt"/>
        <line num="63" count="2" type="stmt"/>
        <line num="69" count="2" type="stmt"/>
      </file>
      <file name="styles.js" path="/Users/jonathanr.wabahizi/RJ/meyllos/ecoapp/src/components/Posts/styles.js">
        <metrics statements="0" coveredstatements="0" conditionals="0" coveredconditionals="0" methods="0" coveredmethods="0"/>
      </file>
    </package>
    <package name="helpers">
      <metrics statements="0" coveredstatements="0" conditionals="0" coveredconditionals="0" methods="0" coveredmethods="0"/>
      <file name="screenDimensions.js" path="/Users/jonathanr.wabahizi/RJ/meyllos/ecoapp/src/helpers/screenDimensions.js">
        <metrics statements="0" coveredstatements="0" conditionals="0" coveredconditionals="0" methods="0" coveredmethods="0"/>
      </file>
    </package>
  </project>
</coverage>
