{"/Users/jonathanr.wabahizi/RJ/meyllos/ecoapp/src/assets/images/ecoapp.png": {"path":"/Users/jonathanr.wabahizi/RJ/meyllos/ecoapp/src/assets/images/ecoapp.png","statementMap":{"0":{"start":{"line":1,"column":0},"end":{"line":4,"column":6}}},"fnMap":{},"branchMap":{},"s":{"0":1},"f":{},"b":{},"_coverageSchema":"43e27e138ebf9cfc5966b082cf9a028302ed4184","hash":"cd5c793d900cae92f9c9b4cba5db03f89899fe5f"}
,"/Users/jonathanr.wabahizi/RJ/meyllos/ecoapp/src/components/AutoHeightWebView/index.js": {"path":"/Users/jonathanr.wabahizi/RJ/meyllos/ecoapp/src/components/AutoHeightWebView/index.js","statementMap":{"0":{"start":{"line":8,"column":26},"end":{"line":31,"column":1}},"1":{"start":{"line":9,"column":38},"end":{"line":9,"column":49}},"2":{"start":{"line":10,"column":27},"end":{"line":12,"column":3}},"3":{"start":{"line":11,"column":4},"end":{"line":11,"column":50}},"4":{"start":{"line":14,"column":2},"end":{"line":30,"column":4}}},"fnMap":{"0":{"name":"(anonymous_0)","decl":{"start":{"line":8,"column":26},"end":{"line":8,"column":27}},"loc":{"start":{"line":8,"column":38},"end":{"line":31,"column":1}},"line":8},"1":{"name":"(anonymous_1)","decl":{"start":{"line":10,"column":27},"end":{"line":10,"column":28}},"loc":{"start":{"line":10,"column":36},"end":{"line":12,"column":3}},"line":10}},"branchMap":{"0":{"loc":{"start":{"line":18,"column":16},"end":{"line":18,"column":53}},"type":"binary-expr","locations":[{"start":{"line":18,"column":16},"end":{"line":18,"column":26}},{"start":{"line":18,"column":30},"end":{"line":18,"column":53}}],"line":18}},"s":{"0":3,"1":2,"2":2,"3":0,"4":2},"f":{"0":2,"1":0},"b":{"0":[2,2]},"_coverageSchema":"43e27e138ebf9cfc5966b082cf9a028302ed4184","hash":"0ee766a5b39c69cf8a27312756c9bd3ebe823876"}
,"/Users/jonathanr.wabahizi/RJ/meyllos/ecoapp/src/components/AutoHeightWebView/styles.js": {"path":"/Users/jonathanr.wabahizi/RJ/meyllos/ecoapp/src/components/AutoHeightWebView/styles.js","statementMap":{},"fnMap":{},"branchMap":{},"s":{},"f":{},"b":{},"_coverageSchema":"43e27e138ebf9cfc5966b082cf9a028302ed4184","hash":"a773953d4c2e8d3c790bc26ce95c2dab8ebf994e"}
,"/Users/jonathanr.wabahizi/RJ/meyllos/ecoapp/src/components/Header/index.js": {"path":"/Users/jonathanr.wabahizi/RJ/meyllos/ecoapp/src/components/Header/index.js","statementMap":{"0":{"start":{"line":8,"column":24},"end":{"line":57,"column":1}},"1":{"start":{"line":9,"column":36},"end":{"line":9,"column":51}},"2":{"start":{"line":10,"column":2},"end":{"line":56,"column":4}},"3":{"start":{"line":14,"column":41},"end":{"line":14,"column":71}},"4":{"start":{"line":23,"column":29},"end":{"line":23,"column":50}},"5":{"start":{"line":32,"column":29},"end":{"line":32,"column":43}},"6":{"start":{"line":50,"column":27},"end":{"line":50,"column":42}}},"fnMap":{"0":{"name":"(anonymous_0)","decl":{"start":{"line":8,"column":24},"end":{"line":8,"column":25}},"loc":{"start":{"line":8,"column":42},"end":{"line":57,"column":1}},"line":8},"1":{"name":"(anonymous_1)","decl":{"start":{"line":14,"column":35},"end":{"line":14,"column":36}},"loc":{"start":{"line":14,"column":41},"end":{"line":14,"column":71}},"line":14},"2":{"name":"(anonymous_2)","decl":{"start":{"line":23,"column":23},"end":{"line":23,"column":24}},"loc":{"start":{"line":23,"column":29},"end":{"line":23,"column":50}},"line":23},"3":{"name":"(anonymous_3)","decl":{"start":{"line":32,"column":23},"end":{"line":32,"column":24}},"loc":{"start":{"line":32,"column":29},"end":{"line":32,"column":43}},"line":32},"4":{"name":"(anonymous_4)","decl":{"start":{"line":50,"column":21},"end":{"line":50,"column":22}},"loc":{"start":{"line":50,"column":27},"end":{"line":50,"column":42}},"line":50}},"branchMap":{},"s":{"0":1,"1":3,"2":3,"3":1,"4":1,"5":1,"6":1},"f":{"0":3,"1":1,"2":1,"3":1,"4":1},"b":{},"_coverageSchema":"43e27e138ebf9cfc5966b082cf9a028302ed4184","hash":"a2d93383e12c43dd99940332e88b82bf3ece17cb"}
,"/Users/jonathanr.wabahizi/RJ/meyllos/ecoapp/src/components/Header/styles.js": {"path":"/Users/jonathanr.wabahizi/RJ/meyllos/ecoapp/src/components/Header/styles.js","statementMap":{},"fnMap":{},"branchMap":{},"s":{},"f":{},"b":{},"_coverageSchema":"43e27e138ebf9cfc5966b082cf9a028302ed4184","hash":"50d32a4375fcd81a83a02ad786beb18f28880cb4"}
,"/Users/jonathanr.wabahizi/RJ/meyllos/ecoapp/src/components/Home/index.js": {"path":"/Users/jonathanr.wabahizi/RJ/meyllos/ecoapp/src/components/Home/index.js","statementMap":{"0":{"start":{"line":7,"column":13},"end":{"line":18,"column":1}},"1":{"start":{"line":8,"column":2},"end":{"line":17,"column":4}}},"fnMap":{"0":{"name":"(anonymous_0)","decl":{"start":{"line":7,"column":13},"end":{"line":7,"column":14}},"loc":{"start":{"line":7,"column":62},"end":{"line":18,"column":1}},"line":7}},"branchMap":{"0":{"loc":{"start":{"line":11,"column":7},"end":{"line":15,"column":7}},"type":"cond-expr","locations":[{"start":{"line":12,"column":8},"end":{"line":12,"column":39}},{"start":{"line":14,"column":8},"end":{"line":14,"column":61}}],"line":11}},"s":{"0":2,"1":4},"f":{"0":4},"b":{"0":[2,2]},"_coverageSchema":"43e27e138ebf9cfc5966b082cf9a028302ed4184","hash":"3dde83823323a62b96210a4cd933a6cee51554e7"}
,"/Users/jonathanr.wabahizi/RJ/meyllos/ecoapp/src/components/Home/styles.js": {"path":"/Users/jonathanr.wabahizi/RJ/meyllos/ecoapp/src/components/Home/styles.js","statementMap":{},"fnMap":{},"branchMap":{},"s":{},"f":{},"b":{},"_coverageSchema":"43e27e138ebf9cfc5966b082cf9a028302ed4184","hash":"e039a76a17c9571e8cc579a345b184f44a2ce5fc"}
,"/Users/jonathanr.wabahizi/RJ/meyllos/ecoapp/src/components/Menu/index.js": {"path":"/Users/jonathanr.wabahizi/RJ/meyllos/ecoapp/src/components/Menu/index.js","statementMap":{"0":{"start":{"line":7,"column":14},"end":{"line":11,"column":1}},"1":{"start":{"line":13,"column":21},"end":{"line":27,"column":1}},"2":{"start":{"line":14,"column":2},"end":{"line":26,"column":21}},"3":{"start":{"line":23,"column":21},"end":{"line":23,"column":38}},"4":{"start":{"line":29,"column":13},"end":{"line":40,"column":1}},"5":{"start":{"line":30,"column":22},"end":{"line":30,"column":38}},"6":{"start":{"line":31,"column":21},"end":{"line":31,"column":77}},"7":{"start":{"line":31,"column":31},"end":{"line":31,"column":77}},"8":{"start":{"line":33,"column":2},"end":{"line":39,"column":4}},"9":{"start":{"line":36,"column":8},"end":{"line":36,"column":56}}},"fnMap":{"0":{"name":"(anonymous_0)","decl":{"start":{"line":13,"column":21},"end":{"line":13,"column":22}},"loc":{"start":{"line":14,"column":2},"end":{"line":26,"column":21}},"line":14},"1":{"name":"(anonymous_1)","decl":{"start":{"line":23,"column":15},"end":{"line":23,"column":16}},"loc":{"start":{"line":23,"column":21},"end":{"line":23,"column":38}},"line":23},"2":{"name":"(anonymous_2)","decl":{"start":{"line":29,"column":13},"end":{"line":29,"column":14}},"loc":{"start":{"line":29,"column":41},"end":{"line":40,"column":1}},"line":29},"3":{"name":"(anonymous_3)","decl":{"start":{"line":31,"column":21},"end":{"line":31,"column":22}},"loc":{"start":{"line":31,"column":31},"end":{"line":31,"column":77}},"line":31},"4":{"name":"(anonymous_4)","decl":{"start":{"line":35,"column":17},"end":{"line":35,"column":18}},"loc":{"start":{"line":36,"column":8},"end":{"line":36,"column":56}},"line":36}},"branchMap":{"0":{"loc":{"start":{"line":19,"column":8},"end":{"line":21,"column":26}},"type":"cond-expr","locations":[{"start":{"line":20,"column":12},"end":{"line":20,"column":32}},{"start":{"line":21,"column":12},"end":{"line":21,"column":26}}],"line":19},"1":{"loc":{"start":{"line":31,"column":31},"end":{"line":31,"column":77}},"type":"binary-expr","locations":[{"start":{"line":31,"column":31},"end":{"line":31,"column":58}},{"start":{"line":31,"column":62},"end":{"line":31,"column":77}}],"line":31}},"s":{"0":2,"1":2,"2":3,"3":3,"4":2,"5":1,"6":1,"7":3,"8":1,"9":3},"f":{"0":3,"1":3,"2":1,"3":3,"4":3},"b":{"0":[1,2],"1":[3,0]},"_coverageSchema":"43e27e138ebf9cfc5966b082cf9a028302ed4184","hash":"3c0a17acaefc0592282c62f168ff76331d3d8ee1"}
,"/Users/jonathanr.wabahizi/RJ/meyllos/ecoapp/src/components/Menu/styles.js": {"path":"/Users/jonathanr.wabahizi/RJ/meyllos/ecoapp/src/components/Menu/styles.js","statementMap":{},"fnMap":{},"branchMap":{},"s":{},"f":{},"b":{},"_coverageSchema":"43e27e138ebf9cfc5966b082cf9a028302ed4184","hash":"ae6bd97eb0a01bbe2949c5d2b017c903ccbace02"}
,"/Users/jonathanr.wabahizi/RJ/meyllos/ecoapp/src/components/Posts/index.js": {"path":"/Users/jonathanr.wabahizi/RJ/meyllos/ecoapp/src/components/Posts/index.js","statementMap":{"0":{"start":{"line":15,"column":14},"end":{"line":61,"column":1}},"1":{"start":{"line":16,"column":2},"end":{"line":60,"column":4}},"2":{"start":{"line":19,"column":8},"end":{"line":35,"column":27}},"3":{"start":{"line":23,"column":12},"end":{"line":25,"column":14}},"4":{"start":{"line":40,"column":27},"end":{"line":40,"column":62}},"5":{"start":{"line":51,"column":27},"end":{"line":51,"column":44}},"6":{"start":{"line":63,"column":0},"end":{"line":68,"column":2}},"7":{"start":{"line":69,"column":0},"end":{"line":69,"column":42}}},"fnMap":{"0":{"name":"(anonymous_0)","decl":{"start":{"line":15,"column":14},"end":{"line":15,"column":15}},"loc":{"start":{"line":15,"column":54},"end":{"line":61,"column":1}},"line":15},"1":{"name":"(anonymous_1)","decl":{"start":{"line":18,"column":17},"end":{"line":18,"column":18}},"loc":{"start":{"line":19,"column":8},"end":{"line":35,"column":27}},"line":19},"2":{"name":"(anonymous_2)","decl":{"start":{"line":22,"column":19},"end":{"line":22,"column":20}},"loc":{"start":{"line":23,"column":12},"end":{"line":25,"column":14}},"line":23},"3":{"name":"(anonymous_3)","decl":{"start":{"line":40,"column":21},"end":{"line":40,"column":22}},"loc":{"start":{"line":40,"column":27},"end":{"line":40,"column":62}},"line":40},"4":{"name":"(anonymous_4)","decl":{"start":{"line":51,"column":21},"end":{"line":51,"column":22}},"loc":{"start":{"line":51,"column":27},"end":{"line":51,"column":44}},"line":51}},"branchMap":{"0":{"loc":{"start":{"line":40,"column":35},"end":{"line":40,"column":61}},"type":"cond-expr","locations":[{"start":{"line":40,"column":46},"end":{"line":40,"column":54}},{"start":{"line":40,"column":57},"end":{"line":40,"column":61}}],"line":40},"1":{"loc":{"start":{"line":42,"column":14},"end":{"line":42,"column":78}},"type":"cond-expr","locations":[{"start":{"line":42,"column":27},"end":{"line":42,"column":55}},{"start":{"line":42,"column":58},"end":{"line":42,"column":78}}],"line":42}},"s":{"0":4,"1":2,"2":1,"3":1,"4":1,"5":1,"6":4,"7":4},"f":{"0":2,"1":1,"2":1,"3":1,"4":1},"b":{"0":[0,1],"1":[2,0]},"_coverageSchema":"43e27e138ebf9cfc5966b082cf9a028302ed4184","hash":"9a41ff832555f88736311450aeb849b2eeb49db5"}
,"/Users/jonathanr.wabahizi/RJ/meyllos/ecoapp/src/components/Posts/styles.js": {"path":"/Users/jonathanr.wabahizi/RJ/meyllos/ecoapp/src/components/Posts/styles.js","statementMap":{},"fnMap":{},"branchMap":{},"s":{},"f":{},"b":{},"_coverageSchema":"43e27e138ebf9cfc5966b082cf9a028302ed4184","hash":"fe3158a42782816b99176b0eb09bde5dd75e2a73"}
,"/Users/jonathanr.wabahizi/RJ/meyllos/ecoapp/src/components/SinglePost/index.js": {"path":"/Users/jonathanr.wabahizi/RJ/meyllos/ecoapp/src/components/SinglePost/index.js","statementMap":{"0":{"start":{"line":15,"column":19},"end":{"line":53,"column":1}},"1":{"start":{"line":16,"column":2},"end":{"line":52,"column":4}}},"fnMap":{"0":{"name":"(anonymous_0)","decl":{"start":{"line":15,"column":19},"end":{"line":15,"column":20}},"loc":{"start":{"line":15,"column":40},"end":{"line":53,"column":1}},"line":15}},"branchMap":{"0":{"loc":{"start":{"line":16,"column":9},"end":{"line":52,"column":3}},"type":"cond-expr","locations":[{"start":{"line":17,"column":4},"end":{"line":17,"column":35}},{"start":{"line":19,"column":4},"end":{"line":51,"column":11}}],"line":16},"1":{"loc":{"start":{"line":23,"column":13},"end":{"line":23,"column":50}},"type":"cond-expr","locations":[{"start":{"line":23,"column":26},"end":{"line":23,"column":45}},{"start":{"line":23,"column":48},"end":{"line":23,"column":50}}],"line":23},"2":{"loc":{"start":{"line":32,"column":35},"end":{"line":32,"column":76}},"type":"cond-expr","locations":[{"start":{"line":32,"column":50},"end":{"line":32,"column":71}},{"start":{"line":32,"column":74},"end":{"line":32,"column":76}}],"line":32}},"s":{"0":2,"1":3},"f":{"0":3},"b":{"0":[1,2],"1":[1,1],"2":[1,1]},"_coverageSchema":"43e27e138ebf9cfc5966b082cf9a028302ed4184","hash":"62fd7fc698dbd53602eac748392fffba05a69202"}
,"/Users/jonathanr.wabahizi/RJ/meyllos/ecoapp/src/components/SinglePost/styles.js": {"path":"/Users/jonathanr.wabahizi/RJ/meyllos/ecoapp/src/components/SinglePost/styles.js","statementMap":{},"fnMap":{},"branchMap":{},"s":{},"f":{},"b":{},"_coverageSchema":"43e27e138ebf9cfc5966b082cf9a028302ed4184","hash":"a07231bba46cf9779c53498284b8f038d2009729"}
,"/Users/jonathanr.wabahizi/RJ/meyllos/ecoapp/src/config/index.js": {"path":"/Users/jonathanr.wabahizi/RJ/meyllos/ecoapp/src/config/index.js","statementMap":{},"fnMap":{},"branchMap":{},"s":{},"f":{},"b":{},"_coverageSchema":"43e27e138ebf9cfc5966b082cf9a028302ed4184","hash":"188a86ed9923552285c398dd1077b367fa1bb9aa"}
,"/Users/jonathanr.wabahizi/RJ/meyllos/ecoapp/src/containers/Home/index.js": {"path":"/Users/jonathanr.wabahizi/RJ/meyllos/ecoapp/src/containers/Home/index.js","statementMap":{"0":{"start":{"line":7,"column":29},"end":{"line":19,"column":1}},"1":{"start":{"line":8,"column":26},"end":{"line":8,"column":37}},"2":{"start":{"line":9,"column":19},"end":{"line":9,"column":32}},"3":{"start":{"line":10,"column":30},"end":{"line":10,"column":61}},"4":{"start":{"line":10,"column":55},"end":{"line":10,"column":60}},"5":{"start":{"line":12,"column":2},"end":{"line":14,"column":23}},"6":{"start":{"line":13,"column":4},"end":{"line":13,"column":52}},"7":{"start":{"line":16,"column":2},"end":{"line":18,"column":4}}},"fnMap":{"0":{"name":"(anonymous_0)","decl":{"start":{"line":7,"column":29},"end":{"line":7,"column":30}},"loc":{"start":{"line":7,"column":35},"end":{"line":19,"column":1}},"line":7},"1":{"name":"(anonymous_1)","decl":{"start":{"line":10,"column":42},"end":{"line":10,"column":43}},"loc":{"start":{"line":10,"column":55},"end":{"line":10,"column":60}},"line":10},"2":{"name":"(anonymous_2)","decl":{"start":{"line":12,"column":12},"end":{"line":12,"column":13}},"loc":{"start":{"line":12,"column":18},"end":{"line":14,"column":3}},"line":12}},"branchMap":{},"s":{"0":1,"1":2,"2":2,"3":2,"4":6,"5":2,"6":1,"7":2},"f":{"0":2,"1":6,"2":1},"b":{},"_coverageSchema":"43e27e138ebf9cfc5966b082cf9a028302ed4184","hash":"7862ed97463ca723ee03eacbee082f9974200898"}
,"/Users/jonathanr.wabahizi/RJ/meyllos/ecoapp/src/containers/Posts/index.js": {"path":"/Users/jonathanr.wabahizi/RJ/meyllos/ecoapp/src/containers/Posts/index.js","statementMap":{"0":{"start":{"line":8,"column":4},"end":{"line":12,"column":6}}},"fnMap":{"0":{"name":"(anonymous_0)","decl":{"start":{"line":7,"column":2},"end":{"line":7,"column":3}},"loc":{"start":{"line":7,"column":11},"end":{"line":13,"column":3}},"line":7}},"branchMap":{},"s":{"0":1},"f":{"0":1},"b":{},"_coverageSchema":"43e27e138ebf9cfc5966b082cf9a028302ed4184","hash":"56e97069638f90083ee12d2de748ca1087f4a16c"}
,"/Users/jonathanr.wabahizi/RJ/meyllos/ecoapp/src/containers/SinglePost/index.js": {"path":"/Users/jonathanr.wabahizi/RJ/meyllos/ecoapp/src/containers/SinglePost/index.js","statementMap":{"0":{"start":{"line":7,"column":35},"end":{"line":20,"column":1}},"1":{"start":{"line":8,"column":17},"end":{"line":8,"column":46}},"2":{"start":{"line":9,"column":19},"end":{"line":9,"column":32}},"3":{"start":{"line":10,"column":42},"end":{"line":10,"column":73}},"4":{"start":{"line":10,"column":67},"end":{"line":10,"column":72}},"5":{"start":{"line":11,"column":15},"end":{"line":11,"column":67}},"6":{"start":{"line":11,"column":42},"end":{"line":11,"column":63}},"7":{"start":{"line":13,"column":2},"end":{"line":17,"column":31}},"8":{"start":{"line":14,"column":4},"end":{"line":16,"column":5}},"9":{"start":{"line":15,"column":6},"end":{"line":15,"column":38}},"10":{"start":{"line":19,"column":2},"end":{"line":19,"column":68}}},"fnMap":{"0":{"name":"(anonymous_0)","decl":{"start":{"line":7,"column":35},"end":{"line":7,"column":36}},"loc":{"start":{"line":7,"column":53},"end":{"line":20,"column":1}},"line":7},"1":{"name":"(anonymous_1)","decl":{"start":{"line":10,"column":54},"end":{"line":10,"column":55}},"loc":{"start":{"line":10,"column":67},"end":{"line":10,"column":72}},"line":10},"2":{"name":"(anonymous_2)","decl":{"start":{"line":11,"column":31},"end":{"line":11,"column":32}},"loc":{"start":{"line":11,"column":42},"end":{"line":11,"column":63}},"line":11},"3":{"name":"(anonymous_3)","decl":{"start":{"line":13,"column":12},"end":{"line":13,"column":13}},"loc":{"start":{"line":13,"column":18},"end":{"line":17,"column":3}},"line":13}},"branchMap":{"0":{"loc":{"start":{"line":14,"column":4},"end":{"line":16,"column":5}},"type":"if","locations":[{"start":{"line":14,"column":4},"end":{"line":16,"column":5}},{"start":{"line":14,"column":4},"end":{"line":16,"column":5}}],"line":14},"1":{"loc":{"start":{"line":19,"column":45},"end":{"line":19,"column":63}},"type":"binary-expr","locations":[{"start":{"line":19,"column":45},"end":{"line":19,"column":49}},{"start":{"line":19,"column":53},"end":{"line":19,"column":63}}],"line":19}},"s":{"0":1,"1":2,"2":2,"3":2,"4":6,"5":2,"6":0,"7":2,"8":1,"9":1,"10":2},"f":{"0":2,"1":6,"2":0,"3":1},"b":{"0":[1,0],"1":[2,2]},"_coverageSchema":"43e27e138ebf9cfc5966b082cf9a028302ed4184","hash":"0c60eca59c64944e92913ca383f92a8b40e4eb40"}
,"/Users/jonathanr.wabahizi/RJ/meyllos/ecoapp/src/helpers/apiAction.js": {"path":"/Users/jonathanr.wabahizi/RJ/meyllos/ecoapp/src/helpers/apiAction.js","statementMap":{"0":{"start":{"line":1,"column":20},"end":{"line":1,"column":33}},"1":{"start":{"line":2,"column":26},"end":{"line":2,"column":45}},"2":{"start":{"line":3,"column":24},"end":{"line":3,"column":41}},"3":{"start":{"line":4,"column":28},"end":{"line":4,"column":49}},"4":{"start":{"line":5,"column":28},"end":{"line":5,"column":49}},"5":{"start":{"line":15,"column":7},"end":{"line":26,"column":1}}},"fnMap":{"0":{"name":"(anonymous_0)","decl":{"start":{"line":7,"column":15},"end":{"line":7,"column":16}},"loc":{"start":{"line":15,"column":7},"end":{"line":26,"column":1}},"line":15}},"branchMap":{"0":{"loc":{"start":{"line":8,"column":2},"end":{"line":8,"column":10}},"type":"default-arg","locations":[{"start":{"line":8,"column":8},"end":{"line":8,"column":10}}],"line":8},"1":{"loc":{"start":{"line":9,"column":2},"end":{"line":9,"column":16}},"type":"default-arg","locations":[{"start":{"line":9,"column":11},"end":{"line":9,"column":16}}],"line":9},"2":{"loc":{"start":{"line":10,"column":2},"end":{"line":10,"column":13}},"type":"default-arg","locations":[{"start":{"line":10,"column":9},"end":{"line":10,"column":13}}],"line":10},"3":{"loc":{"start":{"line":11,"column":2},"end":{"line":11,"column":29}},"type":"default-arg","locations":[{"start":{"line":11,"column":12},"end":{"line":11,"column":29}}],"line":11},"4":{"loc":{"start":{"line":12,"column":2},"end":{"line":12,"column":25}},"type":"default-arg","locations":[{"start":{"line":12,"column":10},"end":{"line":12,"column":25}}],"line":12},"5":{"loc":{"start":{"line":13,"column":2},"end":{"line":13,"column":33}},"type":"default-arg","locations":[{"start":{"line":13,"column":14},"end":{"line":13,"column":33}}],"line":13},"6":{"loc":{"start":{"line":14,"column":2},"end":{"line":14,"column":33}},"type":"default-arg","locations":[{"start":{"line":14,"column":14},"end":{"line":14,"column":33}}],"line":14}},"s":{"0":2,"1":2,"2":2,"3":2,"4":2,"5":2},"f":{"0":2},"b":{"0":[0],"1":[2],"2":[2],"3":[0],"4":[2],"5":[0],"6":[0]},"_coverageSchema":"43e27e138ebf9cfc5966b082cf9a028302ed4184","hash":"010d1f76e3adc26691039a3e760a1dfd1c1e51c1"}
,"/Users/jonathanr.wabahizi/RJ/meyllos/ecoapp/src/helpers/fetchHelper.js": {"path":"/Users/jonathanr.wabahizi/RJ/meyllos/ecoapp/src/helpers/fetchHelper.js","statementMap":{"0":{"start":{"line":2,"column":2},"end":{"line":25,"column":3}},"1":{"start":{"line":3,"column":20},"end":{"line":12,"column":5}},"2":{"start":{"line":14,"column":17},"end":{"line":14,"column":19}},"3":{"start":{"line":15,"column":21},"end":{"line":15,"column":46}},"4":{"start":{"line":17,"column":4},"end":{"line":20,"column":5}},"5":{"start":{"line":18,"column":6},"end":{"line":18,"column":37}},"6":{"start":{"line":19,"column":6},"end":{"line":19,"column":20}},"7":{"start":{"line":21,"column":4},"end":{"line":21,"column":35}},"8":{"start":{"line":22,"column":4},"end":{"line":22,"column":18}},"9":{"start":{"line":24,"column":4},"end":{"line":24,"column":19}}},"fnMap":{"0":{"name":"(anonymous_0)","decl":{"start":{"line":1,"column":15},"end":{"line":1,"column":16}},"loc":{"start":{"line":1,"column":62},"end":{"line":26,"column":1}},"line":1}},"branchMap":{"0":{"loc":{"start":{"line":4,"column":14},"end":{"line":4,"column":29}},"type":"binary-expr","locations":[{"start":{"line":4,"column":14},"end":{"line":4,"column":20}},{"start":{"line":4,"column":24},"end":{"line":4,"column":29}}],"line":4},"1":{"loc":{"start":{"line":9,"column":24},"end":{"line":9,"column":42}},"type":"binary-expr","locations":[{"start":{"line":9,"column":24},"end":{"line":9,"column":29}},{"start":{"line":9,"column":33},"end":{"line":9,"column":42}}],"line":9},"2":{"loc":{"start":{"line":11,"column":12},"end":{"line":11,"column":51}},"type":"cond-expr","locations":[{"start":{"line":11,"column":19},"end":{"line":11,"column":39}},{"start":{"line":11,"column":42},"end":{"line":11,"column":51}}],"line":11},"3":{"loc":{"start":{"line":17,"column":4},"end":{"line":20,"column":5}},"type":"if","locations":[{"start":{"line":17,"column":4},"end":{"line":20,"column":5}},{"start":{"line":17,"column":4},"end":{"line":20,"column":5}}],"line":17}},"s":{"0":2,"1":2,"2":2,"3":2,"4":0,"5":0,"6":0,"7":0,"8":0,"9":2},"f":{"0":2},"b":{"0":[2,0],"1":[2,2],"2":[0,2],"3":[0,0]},"_coverageSchema":"43e27e138ebf9cfc5966b082cf9a028302ed4184","hash":"ac89e62baee9af2f6d7c8f23d7b373abbe438711"}
,"/Users/jonathanr.wabahizi/RJ/meyllos/ecoapp/src/helpers/htmlWrapper.js": {"path":"/Users/jonathanr.wabahizi/RJ/meyllos/ecoapp/src/helpers/htmlWrapper.js","statementMap":{"0":{"start":{"line":1,"column":26},"end":{"line":28,"column":7}}},"fnMap":{"0":{"name":"(anonymous_0)","decl":{"start":{"line":1,"column":15},"end":{"line":1,"column":16}},"loc":{"start":{"line":1,"column":26},"end":{"line":28,"column":7}},"line":1}},"branchMap":{},"s":{"0":2},"f":{"0":2},"b":{},"_coverageSchema":"43e27e138ebf9cfc5966b082cf9a028302ed4184","hash":"34aea97386f3aecc7d94ce306829beec0a22acdd"}
,"/Users/jonathanr.wabahizi/RJ/meyllos/ecoapp/src/helpers/screenDimensions.js": {"path":"/Users/jonathanr.wabahizi/RJ/meyllos/ecoapp/src/helpers/screenDimensions.js","statementMap":{},"fnMap":{},"branchMap":{},"s":{},"f":{},"b":{},"_coverageSchema":"43e27e138ebf9cfc5966b082cf9a028302ed4184","hash":"cbbd2f43b5008bf557158d59171d4559ba61b0ad"}
,"/Users/jonathanr.wabahizi/RJ/meyllos/ecoapp/src/middlewares/apiMiddleware.js": {"path":"/Users/jonathanr.wabahizi/RJ/meyllos/ecoapp/src/middlewares/apiMiddleware.js","statementMap":{"0":{"start":{"line":4,"column":22},"end":{"line":39,"column":1}},"1":{"start":{"line":4,"column":48},"end":{"line":39,"column":1}},"2":{"start":{"line":4,"column":56},"end":{"line":39,"column":1}},"3":{"start":{"line":8,"column":2},"end":{"line":10,"column":3}},"4":{"start":{"line":9,"column":4},"end":{"line":9,"column":33}},"5":{"start":{"line":11,"column":2},"end":{"line":36,"column":3}},"6":{"start":{"line":12,"column":4},"end":{"line":12,"column":64}},"7":{"start":{"line":14,"column":4},"end":{"line":14,"column":38}},"8":{"start":{"line":15,"column":15},"end":{"line":21,"column":6}},"9":{"start":{"line":23,"column":4},"end":{"line":28,"column":5}},"10":{"start":{"line":24,"column":6},"end":{"line":27,"column":34}},"11":{"start":{"line":30,"column":4},"end":{"line":30,"column":67}},"12":{"start":{"line":32,"column":4},"end":{"line":35,"column":7}},"13":{"start":{"line":38,"column":2},"end":{"line":38,"column":20}}},"fnMap":{"0":{"name":"(anonymous_0)","decl":{"start":{"line":4,"column":22},"end":{"line":4,"column":23}},"loc":{"start":{"line":4,"column":48},"end":{"line":39,"column":1}},"line":4},"1":{"name":"(anonymous_1)","decl":{"start":{"line":4,"column":48},"end":{"line":4,"column":49}},"loc":{"start":{"line":4,"column":56},"end":{"line":39,"column":1}},"line":4},"2":{"name":"(anonymous_2)","decl":{"start":{"line":4,"column":56},"end":{"line":4,"column":57}},"loc":{"start":{"line":7,"column":6},"end":{"line":39,"column":1}},"line":7}},"branchMap":{"0":{"loc":{"start":{"line":5,"column":2},"end":{"line":5,"column":11}},"type":"default-arg","locations":[{"start":{"line":5,"column":9},"end":{"line":5,"column":11}}],"line":5},"1":{"loc":{"start":{"line":6,"column":2},"end":{"line":6,"column":14}},"type":"default-arg","locations":[{"start":{"line":6,"column":12},"end":{"line":6,"column":14}}],"line":6},"2":{"loc":{"start":{"line":8,"column":2},"end":{"line":10,"column":3}},"type":"if","locations":[{"start":{"line":8,"column":2},"end":{"line":10,"column":3}},{"start":{"line":8,"column":2},"end":{"line":10,"column":3}}],"line":8},"3":{"loc":{"start":{"line":23,"column":4},"end":{"line":28,"column":5}},"type":"if","locations":[{"start":{"line":23,"column":4},"end":{"line":28,"column":5}},{"start":{"line":23,"column":4},"end":{"line":28,"column":5}}],"line":23}},"s":{"0":2,"1":2,"2":2,"3":6,"4":4,"5":2,"6":2,"7":2,"8":2,"9":0,"10":0,"11":0,"12":0,"13":0},"f":{"0":2,"1":2,"2":6},"b":{"0":[0],"1":[2],"2":[4,2],"3":[0,0]},"_coverageSchema":"43e27e138ebf9cfc5966b082cf9a028302ed4184","hash":"d9ca80af309bc7f986a38934b10fcfd5c1548fdf"}
,"/Users/jonathanr.wabahizi/RJ/meyllos/ecoapp/src/redux/initialState.js": {"path":"/Users/jonathanr.wabahizi/RJ/meyllos/ecoapp/src/redux/initialState.js","statementMap":{},"fnMap":{},"branchMap":{},"s":{},"f":{},"b":{},"_coverageSchema":"43e27e138ebf9cfc5966b082cf9a028302ed4184","hash":"6d5c45dae873ce3960a4634ea54f28484efdf2f8"}
,"/Users/jonathanr.wabahizi/RJ/meyllos/ecoapp/src/redux/rootReducers.js": {"path":"/Users/jonathanr.wabahizi/RJ/meyllos/ecoapp/src/redux/rootReducers.js","statementMap":{},"fnMap":{},"branchMap":{},"s":{},"f":{},"b":{},"_coverageSchema":"43e27e138ebf9cfc5966b082cf9a028302ed4184","hash":"81725176bc71772bc77901cd7db17a0f8d68897e"}
,"/Users/jonathanr.wabahizi/RJ/meyllos/ecoapp/src/redux/store.js": {"path":"/Users/jonathanr.wabahizi/RJ/meyllos/ecoapp/src/redux/store.js","statementMap":{"0":{"start":{"line":8,"column":20},"end":{"line":8,"column":42}}},"fnMap":{},"branchMap":{},"s":{"0":2},"f":{},"b":{},"_coverageSchema":"43e27e138ebf9cfc5966b082cf9a028302ed4184","hash":"c223100401dfc05fbafa9c789e1b656d02713721"}
,"/Users/jonathanr.wabahizi/RJ/meyllos/ecoapp/src/redux/action-types/posts.js": {"path":"/Users/jonathanr.wabahizi/RJ/meyllos/ecoapp/src/redux/action-types/posts.js","statementMap":{"0":{"start":{"line":1,"column":25},"end":{"line":1,"column":36}},"1":{"start":{"line":2,"column":31},"end":{"line":2,"column":48}},"2":{"start":{"line":3,"column":30},"end":{"line":3,"column":46}},"3":{"start":{"line":5,"column":28},"end":{"line":5,"column":42}},"4":{"start":{"line":6,"column":34},"end":{"line":6,"column":54}},"5":{"start":{"line":7,"column":33},"end":{"line":7,"column":52}}},"fnMap":{},"branchMap":{},"s":{"0":2,"1":2,"2":2,"3":2,"4":2,"5":2},"f":{},"b":{},"_coverageSchema":"43e27e138ebf9cfc5966b082cf9a028302ed4184","hash":"2390efcc122ff70fec98376b56086d17af6b51d7"}
,"/Users/jonathanr.wabahizi/RJ/meyllos/ecoapp/src/redux/actions/posts.js": {"path":"/Users/jonathanr.wabahizi/RJ/meyllos/ecoapp/src/redux/actions/posts.js","statementMap":{"0":{"start":{"line":12,"column":24},"end":{"line":20,"column":3}},"1":{"start":{"line":12,"column":41},"end":{"line":20,"column":3}},"2":{"start":{"line":13,"column":2},"end":{"line":20,"column":3}},"3":{"start":{"line":22,"column":29},"end":{"line":30,"column":3}},"4":{"start":{"line":22,"column":45},"end":{"line":30,"column":3}},"5":{"start":{"line":23,"column":2},"end":{"line":30,"column":3}}},"fnMap":{"0":{"name":"(anonymous_0)","decl":{"start":{"line":12,"column":24},"end":{"line":12,"column":25}},"loc":{"start":{"line":12,"column":41},"end":{"line":20,"column":3}},"line":12},"1":{"name":"(anonymous_1)","decl":{"start":{"line":12,"column":41},"end":{"line":12,"column":42}},"loc":{"start":{"line":13,"column":2},"end":{"line":20,"column":3}},"line":13},"2":{"name":"(anonymous_2)","decl":{"start":{"line":22,"column":29},"end":{"line":22,"column":30}},"loc":{"start":{"line":22,"column":45},"end":{"line":30,"column":3}},"line":22},"3":{"name":"(anonymous_3)","decl":{"start":{"line":22,"column":45},"end":{"line":22,"column":46}},"loc":{"start":{"line":23,"column":2},"end":{"line":30,"column":3}},"line":23}},"branchMap":{"0":{"loc":{"start":{"line":12,"column":25},"end":{"line":12,"column":36}},"type":"default-arg","locations":[{"start":{"line":12,"column":34},"end":{"line":12,"column":36}}],"line":12},"1":{"loc":{"start":{"line":22,"column":30},"end":{"line":22,"column":40}},"type":"default-arg","locations":[{"start":{"line":22,"column":39},"end":{"line":22,"column":40}}],"line":22}},"s":{"0":2,"1":1,"2":1,"3":2,"4":1,"5":1},"f":{"0":1,"1":1,"2":1,"3":1},"b":{"0":[0],"1":[1]},"_coverageSchema":"43e27e138ebf9cfc5966b082cf9a028302ed4184","hash":"e4d29bcd8a90576e5c611a4d51c831dd131904c1"}
,"/Users/jonathanr.wabahizi/RJ/meyllos/ecoapp/src/redux/initial-states/posts.js": {"path":"/Users/jonathanr.wabahizi/RJ/meyllos/ecoapp/src/redux/initial-states/posts.js","statementMap":{},"fnMap":{},"branchMap":{},"s":{},"f":{},"b":{},"_coverageSchema":"43e27e138ebf9cfc5966b082cf9a028302ed4184","hash":"874aad89ef55c41d0d010532add5982269c1518f"}
,"/Users/jonathanr.wabahizi/RJ/meyllos/ecoapp/src/redux/reducers/posts.js": {"path":"/Users/jonathanr.wabahizi/RJ/meyllos/ecoapp/src/redux/reducers/posts.js","statementMap":{"0":{"start":{"line":10,"column":2},"end":{"line":38,"column":3}},"1":{"start":{"line":13,"column":6},"end":{"line":17,"column":8}},"2":{"start":{"line":19,"column":6},"end":{"line":23,"column":8}},"3":{"start":{"line":26,"column":6},"end":{"line":29,"column":8}},"4":{"start":{"line":31,"column":6},"end":{"line":35,"column":8}},"5":{"start":{"line":37,"column":6},"end":{"line":37,"column":19}}},"fnMap":{"0":{"name":"(anonymous_0)","decl":{"start":{"line":9,"column":15},"end":{"line":9,"column":16}},"loc":{"start":{"line":9,"column":58},"end":{"line":39,"column":1}},"line":9}},"branchMap":{"0":{"loc":{"start":{"line":9,"column":16},"end":{"line":9,"column":36}},"type":"default-arg","locations":[{"start":{"line":9,"column":24},"end":{"line":9,"column":36}}],"line":9},"1":{"loc":{"start":{"line":10,"column":2},"end":{"line":38,"column":3}},"type":"switch","locations":[{"start":{"line":12,"column":4},"end":{"line":17,"column":8}},{"start":{"line":18,"column":4},"end":{"line":23,"column":8}},{"start":{"line":25,"column":4},"end":{"line":29,"column":8}},{"start":{"line":30,"column":4},"end":{"line":35,"column":8}},{"start":{"line":36,"column":4},"end":{"line":37,"column":19}}],"line":10}},"s":{"0":10,"1":2,"2":0,"3":2,"4":0,"5":6},"f":{"0":10},"b":{"0":[4],"1":[2,0,2,0,6]},"_coverageSchema":"43e27e138ebf9cfc5966b082cf9a028302ed4184","hash":"b9d05529d30d397ea952c2c49c06290767f272e9"}
}
