{"/Users/jonathanr.wabahizi/RJ/meyllos/ecoapp/src/components/Home/index.js": {"path":"/Users/jonathanr.wabahizi/RJ/meyllos/ecoapp/src/components/Home/index.js","statementMap":{"0":{"start":{"line":7,"column":13},"end":{"line":18,"column":1}},"1":{"start":{"line":8,"column":2},"end":{"line":17,"column":4}}},"fnMap":{"0":{"name":"(anonymous_0)","decl":{"start":{"line":7,"column":13},"end":{"line":7,"column":14}},"loc":{"start":{"line":7,"column":62},"end":{"line":18,"column":1}},"line":7}},"branchMap":{"0":{"loc":{"start":{"line":11,"column":7},"end":{"line":15,"column":7}},"type":"cond-expr","locations":[{"start":{"line":12,"column":8},"end":{"line":12,"column":39}},{"start":{"line":14,"column":8},"end":{"line":14,"column":61}}],"line":11}},"s":{"0":1,"1":2},"f":{"0":2},"b":{"0":[1,1]},"_coverageSchema":"43e27e138ebf9cfc5966b082cf9a028302ed4184","hash":"3dde83823323a62b96210a4cd933a6cee51554e7"}
,"/Users/jonathanr.wabahizi/RJ/meyllos/ecoapp/src/components/Home/styles.js": {"path":"/Users/jonathanr.wabahizi/RJ/meyllos/ecoapp/src/components/Home/styles.js","statementMap":{},"fnMap":{},"branchMap":{},"s":{},"f":{},"b":{},"_coverageSchema":"43e27e138ebf9cfc5966b082cf9a028302ed4184","hash":"e039a76a17c9571e8cc579a345b184f44a2ce5fc"}
,"/Users/jonathanr.wabahizi/RJ/meyllos/ecoapp/src/components/Posts/index.js": {"path":"/Users/jonathanr.wabahizi/RJ/meyllos/ecoapp/src/components/Posts/index.js","statementMap":{"0":{"start":{"line":15,"column":14},"end":{"line":61,"column":1}},"1":{"start":{"line":16,"column":2},"end":{"line":60,"column":4}},"2":{"start":{"line":19,"column":8},"end":{"line":35,"column":27}},"3":{"start":{"line":23,"column":12},"end":{"line":25,"column":14}},"4":{"start":{"line":40,"column":27},"end":{"line":40,"column":62}},"5":{"start":{"line":51,"column":27},"end":{"line":51,"column":44}},"6":{"start":{"line":63,"column":0},"end":{"line":68,"column":2}},"7":{"start":{"line":69,"column":0},"end":{"line":69,"column":42}}},"fnMap":{"0":{"name":"(anonymous_0)","decl":{"start":{"line":15,"column":14},"end":{"line":15,"column":15}},"loc":{"start":{"line":15,"column":54},"end":{"line":61,"column":1}},"line":15},"1":{"name":"(anonymous_1)","decl":{"start":{"line":18,"column":17},"end":{"line":18,"column":18}},"loc":{"start":{"line":19,"column":8},"end":{"line":35,"column":27}},"line":19},"2":{"name":"(anonymous_2)","decl":{"start":{"line":22,"column":19},"end":{"line":22,"column":20}},"loc":{"start":{"line":23,"column":12},"end":{"line":25,"column":14}},"line":23},"3":{"name":"(anonymous_3)","decl":{"start":{"line":40,"column":21},"end":{"line":40,"column":22}},"loc":{"start":{"line":40,"column":27},"end":{"line":40,"column":62}},"line":40},"4":{"name":"(anonymous_4)","decl":{"start":{"line":51,"column":21},"end":{"line":51,"column":22}},"loc":{"start":{"line":51,"column":27},"end":{"line":51,"column":44}},"line":51}},"branchMap":{"0":{"loc":{"start":{"line":40,"column":35},"end":{"line":40,"column":61}},"type":"cond-expr","locations":[{"start":{"line":40,"column":46},"end":{"line":40,"column":54}},{"start":{"line":40,"column":57},"end":{"line":40,"column":61}}],"line":40},"1":{"loc":{"start":{"line":42,"column":14},"end":{"line":42,"column":78}},"type":"cond-expr","locations":[{"start":{"line":42,"column":27},"end":{"line":42,"column":55}},{"start":{"line":42,"column":58},"end":{"line":42,"column":78}}],"line":42}},"s":{"0":2,"1":1,"2":1,"3":1,"4":0,"5":0,"6":2,"7":2},"f":{"0":1,"1":1,"2":1,"3":0,"4":0},"b":{"0":[0,0],"1":[1,0]},"_coverageSchema":"43e27e138ebf9cfc5966b082cf9a028302ed4184","hash":"9a41ff832555f88736311450aeb849b2eeb49db5"}
,"/Users/jonathanr.wabahizi/RJ/meyllos/ecoapp/src/components/Posts/styles.js": {"path":"/Users/jonathanr.wabahizi/RJ/meyllos/ecoapp/src/components/Posts/styles.js","statementMap":{},"fnMap":{},"branchMap":{},"s":{},"f":{},"b":{},"_coverageSchema":"43e27e138ebf9cfc5966b082cf9a028302ed4184","hash":"fe3158a42782816b99176b0eb09bde5dd75e2a73"}
,"/Users/jonathanr.wabahizi/RJ/meyllos/ecoapp/src/helpers/screenDimensions.js": {"path":"/Users/jonathanr.wabahizi/RJ/meyllos/ecoapp/src/helpers/screenDimensions.js","statementMap":{},"fnMap":{},"branchMap":{},"s":{},"f":{},"b":{},"_coverageSchema":"43e27e138ebf9cfc5966b082cf9a028302ed4184","hash":"cbbd2f43b5008bf557158d59171d4559ba61b0ad"}
}
