TN:
SF:/Users/jonathanr.wabahizi/RJ/meyllos/ecoapp/src/assets/images/ecoapp.png
FNF:0
FNH:0
DA:1,1
LF:1
LH:1
BRF:0
BRH:0
end_of_record
TN:
SF:/Users/jonathanr.wabahizi/RJ/meyllos/ecoapp/src/components/AutoHeightWebView/index.js
FN:8,(anonymous_0)
FN:10,(anonymous_1)
FNF:2
FNH:1
FNDA:2,(anonymous_0)
FNDA:0,(anonymous_1)
DA:8,3
DA:9,2
DA:10,2
DA:11,0
DA:14,2
LF:5
LH:4
BRDA:18,0,0,2
BRDA:18,0,1,2
BRF:2
BRH:2
end_of_record
TN:
SF:/Users/jonathanr.wabahizi/RJ/meyllos/ecoapp/src/components/AutoHeightWebView/styles.js
FNF:0
FNH:0
LF:0
LH:0
BRF:0
BRH:0
end_of_record
TN:
SF:/Users/jonathanr.wabahizi/RJ/meyllos/ecoapp/src/components/Header/index.js
FN:8,(anonymous_0)
FN:14,(anonymous_1)
FN:23,(anonymous_2)
FN:32,(anonymous_3)
FN:50,(anonymous_4)
FNF:5
FNH:5
FNDA:3,(anonymous_0)
FNDA:1,(anonymous_1)
FNDA:1,(anonymous_2)
FNDA:1,(anonymous_3)
FNDA:1,(anonymous_4)
DA:8,1
DA:9,3
DA:10,3
DA:14,1
DA:23,1
DA:32,1
DA:50,1
LF:7
LH:7
BRF:0
BRH:0
end_of_record
TN:
SF:/Users/jonathanr.wabahizi/RJ/meyllos/ecoapp/src/components/Header/styles.js
FNF:0
FNH:0
LF:0
LH:0
BRF:0
BRH:0
end_of_record
TN:
SF:/Users/jonathanr.wabahizi/RJ/meyllos/ecoapp/src/components/Home/index.js
FN:7,(anonymous_0)
FNF:1
FNH:1
FNDA:4,(anonymous_0)
DA:7,2
DA:8,4
LF:2
LH:2
BRDA:11,0,0,2
BRDA:11,0,1,2
BRF:2
BRH:2
end_of_record
TN:
SF:/Users/jonathanr.wabahizi/RJ/meyllos/ecoapp/src/components/Home/styles.js
FNF:0
FNH:0
LF:0
LH:0
BRF:0
BRH:0
end_of_record
TN:
SF:/Users/jonathanr.wabahizi/RJ/meyllos/ecoapp/src/components/Menu/index.js
FN:13,(anonymous_0)
FN:23,(anonymous_1)
FN:29,(anonymous_2)
FN:31,(anonymous_3)
FN:35,(anonymous_4)
FNF:5
FNH:5
FNDA:3,(anonymous_0)
FNDA:3,(anonymous_1)
FNDA:1,(anonymous_2)
FNDA:3,(anonymous_3)
FNDA:3,(anonymous_4)
DA:7,2
DA:13,2
DA:14,3
DA:23,3
DA:29,2
DA:30,1
DA:31,3
DA:33,1
DA:36,3
LF:9
LH:9
BRDA:19,0,0,1
BRDA:19,0,1,2
BRDA:31,1,0,3
BRDA:31,1,1,0
BRF:4
BRH:3
end_of_record
TN:
SF:/Users/jonathanr.wabahizi/RJ/meyllos/ecoapp/src/components/Menu/styles.js
FNF:0
FNH:0
LF:0
LH:0
BRF:0
BRH:0
end_of_record
TN:
SF:/Users/jonathanr.wabahizi/RJ/meyllos/ecoapp/src/components/Posts/index.js
FN:15,(anonymous_0)
FN:18,(anonymous_1)
FN:22,(anonymous_2)
FN:40,(anonymous_3)
FN:51,(anonymous_4)
FNF:5
FNH:5
FNDA:2,(anonymous_0)
FNDA:1,(anonymous_1)
FNDA:1,(anonymous_2)
FNDA:1,(anonymous_3)
FNDA:1,(anonymous_4)
DA:15,4
DA:16,2
DA:19,1
DA:23,1
DA:40,1
DA:51,1
DA:63,4
DA:69,4
LF:8
LH:8
BRDA:40,0,0,0
BRDA:40,0,1,1
BRDA:42,1,0,2
BRDA:42,1,1,0
BRF:4
BRH:2
end_of_record
TN:
SF:/Users/jonathanr.wabahizi/RJ/meyllos/ecoapp/src/components/Posts/styles.js
FNF:0
FNH:0
LF:0
LH:0
BRF:0
BRH:0
end_of_record
TN:
SF:/Users/jonathanr.wabahizi/RJ/meyllos/ecoapp/src/components/SinglePost/index.js
FN:15,(anonymous_0)
FNF:1
FNH:1
FNDA:3,(anonymous_0)
DA:15,2
DA:16,3
LF:2
LH:2
BRDA:16,0,0,1
BRDA:16,0,1,2
BRDA:23,1,0,1
BRDA:23,1,1,1
BRDA:32,2,0,1
BRDA:32,2,1,1
BRF:6
BRH:6
end_of_record
TN:
SF:/Users/jonathanr.wabahizi/RJ/meyllos/ecoapp/src/components/SinglePost/styles.js
FNF:0
FNH:0
LF:0
LH:0
BRF:0
BRH:0
end_of_record
TN:
SF:/Users/jonathanr.wabahizi/RJ/meyllos/ecoapp/src/config/index.js
FNF:0
FNH:0
LF:0
LH:0
BRF:0
BRH:0
end_of_record
TN:
SF:/Users/jonathanr.wabahizi/RJ/meyllos/ecoapp/src/containers/Home/index.js
FN:7,(anonymous_0)
FN:10,(anonymous_1)
FN:12,(anonymous_2)
FNF:3
FNH:3
FNDA:2,(anonymous_0)
FNDA:6,(anonymous_1)
FNDA:1,(anonymous_2)
DA:7,1
DA:8,2
DA:9,2
DA:10,6
DA:12,2
DA:13,1
DA:16,2
LF:7
LH:7
BRF:0
BRH:0
end_of_record
TN:
SF:/Users/jonathanr.wabahizi/RJ/meyllos/ecoapp/src/containers/Posts/index.js
FN:7,(anonymous_0)
FNF:1
FNH:1
FNDA:1,(anonymous_0)
DA:8,1
LF:1
LH:1
BRF:0
BRH:0
end_of_record
TN:
SF:/Users/jonathanr.wabahizi/RJ/meyllos/ecoapp/src/containers/SinglePost/index.js
FN:7,(anonymous_0)
FN:10,(anonymous_1)
FN:11,(anonymous_2)
FN:13,(anonymous_3)
FNF:4
FNH:3
FNDA:2,(anonymous_0)
FNDA:6,(anonymous_1)
FNDA:0,(anonymous_2)
FNDA:1,(anonymous_3)
DA:7,1
DA:8,2
DA:9,2
DA:10,6
DA:11,2
DA:13,2
DA:14,1
DA:15,1
DA:19,2
LF:9
LH:9
BRDA:14,0,0,1
BRDA:14,0,1,0
BRDA:19,1,0,2
BRDA:19,1,1,2
BRF:4
BRH:3
end_of_record
TN:
SF:/Users/jonathanr.wabahizi/RJ/meyllos/ecoapp/src/helpers/apiAction.js
FN:7,(anonymous_0)
FNF:1
FNH:1
FNDA:2,(anonymous_0)
DA:1,2
DA:2,2
DA:3,2
DA:4,2
DA:5,2
DA:15,2
LF:6
LH:6
BRDA:8,0,0,0
BRDA:9,1,0,2
BRDA:10,2,0,2
BRDA:11,3,0,0
BRDA:12,4,0,2
BRDA:13,5,0,0
BRDA:14,6,0,0
BRF:7
BRH:3
end_of_record
TN:
SF:/Users/jonathanr.wabahizi/RJ/meyllos/ecoapp/src/helpers/fetchHelper.js
FN:1,(anonymous_0)
FNF:1
FNH:1
FNDA:2,(anonymous_0)
DA:2,2
DA:3,2
DA:14,2
DA:15,2
DA:17,0
DA:18,0
DA:19,0
DA:21,0
DA:22,0
DA:24,2
LF:10
LH:5
BRDA:4,0,0,2
BRDA:4,0,1,0
BRDA:9,1,0,2
BRDA:9,1,1,2
BRDA:11,2,0,0
BRDA:11,2,1,2
BRDA:17,3,0,0
BRDA:17,3,1,0
BRF:8
BRH:4
end_of_record
TN:
SF:/Users/jonathanr.wabahizi/RJ/meyllos/ecoapp/src/helpers/htmlWrapper.js
FN:1,(anonymous_0)
FNF:1
FNH:1
FNDA:2,(anonymous_0)
DA:1,2
LF:1
LH:1
BRF:0
BRH:0
end_of_record
TN:
SF:/Users/jonathanr.wabahizi/RJ/meyllos/ecoapp/src/helpers/screenDimensions.js
FNF:0
FNH:0
LF:0
LH:0
BRF:0
BRH:0
end_of_record
TN:
SF:/Users/jonathanr.wabahizi/RJ/meyllos/ecoapp/src/middlewares/apiMiddleware.js
FN:4,(anonymous_0)
FN:4,(anonymous_1)
FN:4,(anonymous_2)
FNF:3
FNH:3
FNDA:2,(anonymous_0)
FNDA:2,(anonymous_1)
FNDA:6,(anonymous_2)
DA:4,2
DA:8,6
DA:9,4
DA:11,2
DA:12,2
DA:14,2
DA:15,2
DA:23,0
DA:24,0
DA:30,0
DA:32,0
DA:38,0
LF:12
LH:7
BRDA:5,0,0,0
BRDA:6,1,0,2
BRDA:8,2,0,4
BRDA:8,2,1,2
BRDA:23,3,0,0
BRDA:23,3,1,0
BRF:6
BRH:3
end_of_record
TN:
SF:/Users/jonathanr.wabahizi/RJ/meyllos/ecoapp/src/redux/initialState.js
FNF:0
FNH:0
LF:0
LH:0
BRF:0
BRH:0
end_of_record
TN:
SF:/Users/jonathanr.wabahizi/RJ/meyllos/ecoapp/src/redux/rootReducers.js
FNF:0
FNH:0
LF:0
LH:0
BRF:0
BRH:0
end_of_record
TN:
SF:/Users/jonathanr.wabahizi/RJ/meyllos/ecoapp/src/redux/store.js
FNF:0
FNH:0
DA:8,2
LF:1
LH:1
BRF:0
BRH:0
end_of_record
TN:
SF:/Users/jonathanr.wabahizi/RJ/meyllos/ecoapp/src/redux/action-types/posts.js
FNF:0
FNH:0
DA:1,2
DA:2,2
DA:3,2
DA:5,2
DA:6,2
DA:7,2
LF:6
LH:6
BRF:0
BRH:0
end_of_record
TN:
SF:/Users/jonathanr.wabahizi/RJ/meyllos/ecoapp/src/redux/actions/posts.js
FN:12,(anonymous_0)
FN:12,(anonymous_1)
FN:22,(anonymous_2)
FN:22,(anonymous_3)
FNF:4
FNH:4
FNDA:1,(anonymous_0)
FNDA:1,(anonymous_1)
FNDA:1,(anonymous_2)
FNDA:1,(anonymous_3)
DA:12,2
DA:13,1
DA:22,2
DA:23,1
LF:4
LH:4
BRDA:12,0,0,0
BRDA:22,1,0,1
BRF:2
BRH:1
end_of_record
TN:
SF:/Users/jonathanr.wabahizi/RJ/meyllos/ecoapp/src/redux/initial-states/posts.js
FNF:0
FNH:0
LF:0
LH:0
BRF:0
BRH:0
end_of_record
TN:
SF:/Users/jonathanr.wabahizi/RJ/meyllos/ecoapp/src/redux/reducers/posts.js
FN:9,(anonymous_0)
FNF:1
FNH:1
FNDA:10,(anonymous_0)
DA:10,10
DA:13,2
DA:19,0
DA:26,2
DA:31,0
DA:37,6
LF:6
LH:4
BRDA:9,0,0,4
BRDA:10,1,0,2
BRDA:10,1,1,0
BRDA:10,1,2,2
BRDA:10,1,3,0
BRDA:10,1,4,6
BRF:6
BRH:4
end_of_record
