TN:
SF:/Users/jonathanr.wabahizi/RJ/meyllos/ecoapp/src/components/Home/index.js
FN:7,(anonymous_0)
FNF:1
FNH:1
FNDA:2,(anonymous_0)
DA:7,1
DA:8,2
LF:2
LH:2
BRDA:11,0,0,1
BRDA:11,0,1,1
BRF:2
BRH:2
end_of_record
TN:
SF:/Users/jonathanr.wabahizi/RJ/meyllos/ecoapp/src/components/Home/styles.js
FNF:0
FNH:0
LF:0
LH:0
BRF:0
BRH:0
end_of_record
TN:
SF:/Users/jonathanr.wabahizi/RJ/meyllos/ecoapp/src/components/Posts/index.js
FN:15,(anonymous_0)
FN:18,(anonymous_1)
FN:22,(anonymous_2)
FN:40,(anonymous_3)
FN:51,(anonymous_4)
FNF:5
FNH:3
FNDA:1,(anonymous_0)
FNDA:1,(anonymous_1)
FNDA:1,(anonymous_2)
FNDA:0,(anonymous_3)
FNDA:0,(anonymous_4)
DA:15,2
DA:16,1
DA:19,1
DA:23,1
DA:40,0
DA:51,0
DA:63,2
DA:69,2
LF:8
LH:6
BRDA:40,0,0,0
BRDA:40,0,1,0
BRDA:42,1,0,1
BRDA:42,1,1,0
BRF:4
BRH:1
end_of_record
TN:
SF:/Users/jonathanr.wabahizi/RJ/meyllos/ecoapp/src/components/Posts/styles.js
FNF:0
FNH:0
LF:0
LH:0
BRF:0
BRH:0
end_of_record
TN:
SF:/Users/jonathanr.wabahizi/RJ/meyllos/ecoapp/src/helpers/screenDimensions.js
FNF:0
FNH:0
LF:0
LH:0
BRF:0
BRH:0
end_of_record
